CRITICAL - 2023-09-27 17:45:53 --> Undefined variable $plist
in APPPATH\Views\music.php on line 329.
 1 APPPATH\Views\music.php(329): CodeIgniter\Debug\Exceptions->errorHandler(2, 'Undefined variable $plist', 'C:\\laragon\\www\\Laboratory_2\\app\\Views\\music.php', 329)
 2 SYSTEMPATH\View\View.php(226): include('C:\\laragon\\www\\Laboratory_2\\app\\Views\\music.php')
 3 SYSTEMPATH\View\View.php(229): CodeIgniter\View\View->CodeIgniter\View\{closure}()
 4 SYSTEMPATH\Common.php(1188): CodeIgniter\View\View->render('music', [], true)
 5 APPPATH\Controllers\Playlist.php(21): view('music', [...])
 6 SYSTEMPATH\CodeIgniter.php(919): App\Controllers\Playlist->index()
 7 SYSTEMPATH\CodeIgniter.php(494): CodeIgniter\CodeIgniter->runController(Object(App\Controllers\Playlist))
 8 SYSTEMPATH\CodeIgniter.php(353): CodeIgniter\CodeIgniter->handleRequest(null, Object(Config\Cache), false)
 9 FCPATH\index.php(79): CodeIgniter\CodeIgniter->run()
10 SYSTEMPATH\Commands\Server\rewrite.php(47): require_once('C:\\laragon\\www\\Laboratory_2\\public\\index.php')
CRITICAL - 2023-09-27 17:46:20 --> Call to undefined function issset()
in APPPATH\Views\music.php on line 329.
 1 SYSTEMPATH\View\View.php(226): include()
 2 SYSTEMPATH\View\View.php(229): CodeIgniter\View\View->CodeIgniter\View\{closure}()
 3 SYSTEMPATH\Common.php(1188): CodeIgniter\View\View->render('music', [], true)
 4 APPPATH\Controllers\Playlist.php(21): view('music', [...])
 5 SYSTEMPATH\CodeIgniter.php(919): App\Controllers\Playlist->index()
 6 SYSTEMPATH\CodeIgniter.php(494): CodeIgniter\CodeIgniter->runController(Object(App\Controllers\Playlist))
 7 SYSTEMPATH\CodeIgniter.php(353): CodeIgniter\CodeIgniter->handleRequest(null, Object(Config\Cache), false)
 8 FCPATH\index.php(79): CodeIgniter\CodeIgniter->run()
 9 SYSTEMPATH\Commands\Server\rewrite.php(47): require_once('C:\\laragon\\www\\Laboratory_2\\public\\index.php')
